10
1 21 7
8 158 429 277 454 954 306 888 571 933 334 360 62 371 887 353 138 398 226 767 86 377 128 760 580 934 524 142 729 490 387 639 761 264 406 736 836 665 537 274 648 252 
45
138 541 18 405 706 729 376 396 557 956 777 661 964 650 762 120 320 279 260 761 182 895 371 121 490 473 658 371 716 277 708 109 920 40 611 332 765 461 370 704 131 198 707 387 426 409 396 414 477 636 355 354 95 806 513 486 805 187 291 273 919 939 545 40 662 761 18 108 114 410 689 598 918 243 253 736 594 828 683 824 550 337 814 579 835 221 751 445 334 975 
45
428 598 366 986 297 331 136 358 750 608 853 78 697 416 612 708 147 434 408 468 104 293 757 961 30 109 472 619 147 494 382 975 348 799 882 702 156 963 524 486 31 832 697 157 974 456 608 317 356 137 496 270 717 36 767 57 494 852 811 414 474 912 684 133 207 840 62 972 995 145 159 248 110 969 121 964 740 192 421 162 71 939 453 789 835 922 714 629 269 336 
45
159 952 603 224 147 285 253 233 854 748 880 482 595 685 93 153 192 321 593 689 815 478 594 617 729 788 655 169 905 836 983 285 998 735 118 340 303 345 626 488 59 655 294 741 754 462 766 355 536 357 304 709 620 385 684 407 283 837 476 325 685 384 986 233 412 865 118 976 245 289 858 145 240 564 641 368 872 179 754 113 390 994 915 814 266 647 786 134 196 438 
45
173 976 595 581 408 375 104 679 208 660 691 573 216 353 800 720 155 754 55 240 153 245 500 174 395 989 260 152 742 636 830 900 213 659 876 578 968 785 406 249 54 831 601 941 928 752 361 624 154 340 534 115 222 515 734 140 911 640 921 539 863 465 307 420 615 260 887 940 146 893 378 791 44 877 642 381 134 736 422 836 499 876 922 136 679 511 244 343 683 158 
45
350 683 864 192 143 804 641 719 467 276 557 712 396 944 280 140 79 23 81 436 437 186 409 405 229 529 782 383 643 266 153 226 665 214 813 305 491 945 299 430 169 197 751 22 208 116 455 101 736 991 831 130 864 395 662 68 8 235 462 110 552 191 718 826 422 983 194 125 383 263 185 648 375 206 265 923 263 41 723 186 274 293 611 643 413 529 956 697 5 56 
45
54 93 894 193 271 50 70 603 364 511 292 978 900 415 14 771 931 719 455 106 674 318 350 822 832 69 719 971 665 138 433 711 356 452 933 952 773 281 799 31 696 323 270 923 792 399 307 179 802 973 764 461 432 873 690 819 51 917 702 463 803 990 369 671 161 313 350 3 607 238 932 831 344 736 406 321 563 503 212 617 762 84 544 975 605 881 52 499 288 952 
45
407 947 556 817 273 75 849 287 604 150 507 388 291 162 782 851 201 326 832 161 277 169 724 524 664 150 923 81 770 488 700 842 439 134 265 237 682 605 677 62 728 62 583 949 65 320 596 371 100 650 980 309 261 74 833 701 470 440 742 97 1 555 270 405 659 43 209 173 782 226 807 375 608 408 735 269 910 563 739 323 902 789 775 444 46 383 413 425 770 714 
2 50 4
747 903 141 732 832 84 54 541 473 840 798 423 912 349 943 71 608 349 476 266 473 189 735 491 363 668 781 480 298 996 406 662 823 555 773 634 382 647 586 250 649 444 953 882 301 411 815 107 540 436 98 145 723 481 511 930 168 186 265 198 112 833 513 269 832 26 398 816 142 964 962 434 953 786 936 309 72 984 931 844 142 226 889 721 615 195 248 589 838 971 37 149 754 49 163 249 445 378 942 396 
41
995 6 194 500 94 554 702 341 405 806 727 720 118 849 1 747 780 226 198 896 217 69 873 549 98 375 891 544 707 902 666 833 98 461 49 314 406 146 176 698 904 437 422 504 193 581 863 376 641 277 543 268 54 260 222 66 400 614 663 70 955 147 103 211 276 345 810 181 24 682 260 338 179 701 693 789 714 254 701 197 600 691 
41
55 535 86 522 597 223 105 981 736 108 246 231 554 918 874 703 22 269 997 885 368 467 968 703 663 144 216 933 177 174 444 598 555 536 671 598 299 444 956 733 764 656 720 626 754 877 999 36 534 503 343 102 753 557 82 470 359 0 651 37 422 849 678 728 420 92 936 281 735 745 744 744 930 834 852 214 859 584 538 835 126 184 
41
556 200 460 563 427 21 97 895 909 37 135 579 669 650 124 178 197 303 939 42 844 646 811 869 102 981 914 833 720 608 32 206 172 639 21 835 392 539 259 875 71 501 318 395 802 369 992 220 244 928 734 724 567 433 196 389 706 149 940 717 525 580 534 391 773 130 265 228 781 511 638 825 171 938 554 132 433 798 350 677 252 849 
41
553 450 697 969 456 859 818 877 328 861 513 961 701 701 837 303 594 22 154 103 318 432 544 71 842 497 628 645 997 150 357 467 516 284 144 482 385 238 685 893 440 510 496 708 917 280 732 88 273 895 67 950 930 725 653 276 690 194 703 448 237 398 242 789 264 596 947 786 323 866 776 607 980 804 451 982 118 191 159 593 112 556 
3 30 2
30 147 697 608 388 699 292 237 105 51 105 383 697 136 924 652 817 136 68 407 53 455 536 276 136 821 62 482 777 755 788 989 640 784 981 866 408 750 564 385 842 359 403 168 63 1 416 987 285 798 847 189 363 823 371 937 482 263 423 816 
2
147 528 600 432 
2
222 85 576 180 
4 15 7
264 266 189 509 787 169 482 445 237 398 589 571 955 970 524 438 647 319 860 181 920 796 555 89 141 968 884 412 548 514 
18
795 885 507 194 318 315 706 77 196 554 331 198 384 608 403 157 685 2 765 958 905 606 623 664 621 386 322 935 758 347 894 245 221 895 856 337 
18
758 330 615 452 728 908 842 925 452 588 713 412 652 492 215 536 347 701 479 394 432 402 798 563 352 304 816 724 954 219 692 119 82 350 964 874 
18
56 401 339 740 636 634 912 184 389 538 624 845 71 362 884 173 521 6 469 105 569 95 136 702 541 840 349 903 490 825 159 809 879 343 322 118 
18
32 603 259 294 392 963 442 293 239 792 533 943 86 337 399 422 351 308 161 869 19 62 159 596 844 841 588 588 600 543 954 651 54 543 582 651 
18
431 50 380 322 421 241 736 113 724 878 176 617 791 427 199 38 487 437 970 76 190 675 604 152 2 106 383 149 266 790 60 48 290 753 485 333 
18
343 728 733 514 942 994 970 311 801 703 668 17 150 902 637 301 506 409 973 912 138 4 526 559 518 338 126 258 404 97 575 615 340 124 360 366 
18
638 24 828 79 169 343 609 964 471 887 868 103 56 211 379 59 702 161 506 52 585 299 459 924 92 857 761 663 447 512 476 494 281 999 460 705 
5 27 9
575 749 232 500 680 232 232 177 536 490 317 640 506 547 338 425 34 532 811 934 887 757 666 887 980 666 242 456 792 467 350 681 902 272 70 714 528 964 301 492 242 461 734 306 915 791 748 110 288 272 71 661 186 224 
7
114 925 585 88 112 661 320 44 673 458 640 629 194 845 
7
400 666 300 320 173 489 832 29 12 691 242 913 533 321 
7
135 151 858 936 277 262 673 715 512 710 993 841 195 994 
7
750 346 81 32 793 201 444 804 150 187 389 577 760 803 
7
778 259 124 874 439 567 113 159 788 817 801 490 758 830 
7
238 538 761 525 581 989 369 514 389 129 77 30 217 600 
7
848 844 425 666 717 852 992 37 43 445 486 538 431 949 
7
104 320 640 152 983 308 959 855 782 152 224 809 791 596 
7
802 508 206 67 220 857 115 901 808 540 503 366 360 603 
6 34 6
631 645 507 550 587 969 771 110 913 682 535 336 853 162 109 742 354 778 784 60 713 687 324 632 794 377 651 175 714 700 921 43 115 563 19 729 722 836 165 714 574 872 236 728 336 101 594 209 257 266 765 861 350 81 590 148 722 490 13 298 965 757 939 999 605 100 558 925 
42
200 811 338 813 145 204 998 679 148 540 865 635 273 717 923 987 967 856 895 381 942 304 858 460 880 312 151 465 162 987 383 313 203 601 165 767 227 827 643 401 391 447 794 155 346 430 292 240 77 270 990 148 402 122 674 878 446 857 742 580 661 321 79 715 100 946 578 687 565 942 609 416 666 539 608 514 483 162 880 450 83 263 766 876 
42
344 87 695 490 681 544 547 234 804 771 398 937 961 291 566 772 644 162 123 960 795 185 893 717 385 922 90 45 347 354 488 288 877 789 488 637 922 6 543 756 302 581 307 601 99 27 105 236 627 456 524 172 281 573 136 236 492 826 443 852 112 333 769 627 771 947 543 965 68 289 286 247 586 970 730 920 610 392 106 781 569 210 330 827 
42
287 28 190 868 492 514 883 657 215 429 982 859 721 682 625 783 753 537 889 621 191 940 75 62 727 45 562 721 111 923 429 594 78 749 21 67 143 451 831 613 817 857 696 541 941 973 374 890 208 319 142 746 212 151 409 809 22 917 123 46 14 190 950 683 638 927 145 661 148 530 919 9 921 731 784 683 828 964 861 485 327 357 551 569 
42
42 74 694 51 573 418 624 463 166 831 344 10 216 387 669 501 713 428 669 227 660 534 699 212 168 600 869 335 504 291 204 813 796 439 823 588 544 249 679 618 218 621 8 866 794 834 546 356 216 382 592 884 397 967 42 745 855 93 701 70 449 898 335 88 824 226 60 721 609 715 878 508 691 569 536 189 118 703 345 908 929 954 128 217 
42
397 628 523 595 719 519 97 920 217 766 836 439 429 871 396 699 83 556 550 501 40 162 792 723 404 453 75 152 689 713 885 214 991 882 441 367 234 3 564 565 19 224 753 443 843 79 926 878 767 845 463 209 883 888 576 311 454 129 896 581 425 2 482 943 29 216 555 597 465 711 990 420 959 664 854 129 921 291 76 635 947 169 50 346 
42
347 210 2 372 517 308 679 981 734 172 505 708 797 463 623 322 585 44 202 149 551 655 893 844 790 306 400 680 229 361 823 785 179 50 354 865 576 404 317 483 396 255 25 792 584 972 238 952 459 935 93 131 537 740 503 184 889 27 494 868 786 278 50 774 971 443 733 868 448 791 332 544 122 218 394 365 991 673 438 36 783 973 748 8 
7 9 7
283 994 788 303 557 958 182 26 37 423 500 282 553 442 48 731 74 481 
22
850 664 97 29 552 297 600 381 436 414 122 199 934 816 215 37 779 712 829 247 240 979 385 525 954 364 680 422 546 888 956 982 702 787 487 392 578 842 343 897 772 482 435 974 
22
249 546 531 388 325 850 288 920 602 562 578 871 151 913 72 633 516 360 587 543 998 420 188 943 179 253 276 83 584 854 384 524 675 724 944 598 526 567 563 299 249 828 446 329 
22
403 838 960 239 363 270 116 492 651 820 348 777 591 525 91 889 919 841 29 688 128 351 994 192 943 15 977 221 357 953 17 247 584 861 782 566 285 418 103 819 468 356 346 46 
22
53 68 350 874 849 839 561 492 183 675 378 547 128 233 288 51 122 706 923 54 556 367 820 207 822 127 942 922 22 980 750 457 520 899 455 999 420 645 913 899 679 743 286 558 
22
700 326 256 387 37 867 125 18 744 504 313 643 116 290 951 964 419 634 810 107 285 581 717 209 808 164 215 211 980 669 551 324 464 799 132 138 340 115 860 18 584 969 620 622 
22
725 290 943 512 584 940 493 888 151 376 638 263 21 842 987 878 267 174 48 187 241 966 769 298 893 881 445 887 966 186 555 427 618 534 827 918 317 35 672 892 646 774 423 8 
22
51 620 285 30 61 749 732 187 129 690 364 336 204 312 767 471 279 212 140 494 548 263 866 923 532 69 23 286 788 556 759 252 654 402 676 64 661 871 885 824 233 496 409 524 
8 21 8
263 126 564 106 164 252 476 947 370 232 751 44 406 818 451 874 796 767 873 899 982 929 892 808 453 27 482 328 132 238 700 759 367 432 432 214 506 542 634 374 194 252 
12
653 277 225 85 909 311 243 717 244 448 931 106 350 264 196 832 236 848 430 828 413 25 412 735 
12
807 335 711 970 127 6 497 959 498 257 680 461 32 984 470 986 766 785 757 446 845 42 229 284 
12
32 212 335 889 698 853 69 912 531 671 856 582 309 808 154 89 978 268 201 902 139 3 511 505 
12
248 75 240 419 7 917 986 344 585 483 816 642 767 299 638 865 874 294 251 977 204 640 611 468 
12
667 849 532 177 381 363 281 113 884 732 870 704 388 225 185 119 134 578 838 70 224 269 763 930 
12
953 215 948 710 31 178 257 187 83 551 732 816 861 597 864 637 516 62 562 570 314 449 422 428 
12
227 242 572 910 291 129 708 820 3 739 466 868 398 715 35 894 946 733 153 953 815 424 846 457 
12
98 86 479 244 943 230 393 634 987 426 690 38 377 291 50 892 876 393 768 954 904 787 559 530 
9 22 7
977 582 553 544 655 459 501 971 480 821 626 761 749 877 260 776 734 975 406 962 413 359 198 387 259 705 449 896 634 723 168 854 28 759 660 515 834 775 256 267 789 15 608 815 
26
199 642 686 755 697 721 689 225 39 257 344 527 819 193 108 58 806 247 37 709 849 701 940 741 761 66 826 14 245 782 392 17 995 146 703 859 377 515 722 264 8 922 582 233 524 5 89 762 47 555 268 684 
26
231 5 57 943 493 832 562 687 677 257 512 251 573 201 436 925 616 715 12 253 711 796 53 929 525 63 598 316 448 430 601 169 506 49 18 602 440 510 341 734 585 592 17 511 840 697 61 627 913 328 994 491 
26
467 777 54 166 504 308 254 686 15 699 944 544 339 269 368 399 503 229 864 366 1 124 414 692 241 187 492 958 167 195 294 736 560 247 483 827 246 464 225 615 579 195 323 377 679 305 521 515 656 767 804 337 
26
367 289 966 63 831 676 697 723 599 973 655 594 448 358 609 16 196 354 297 718 767 0 171 377 503 274 45 678 178 939 270 312 10 769 454 280 682 757 467 830 503 35 356 701 131 255 824 746 78 774 80 162 
26
351 277 781 100 936 305 245 546 524 394 351 547 279 138 477 216 677 567 17 622 753 202 155 556 231 297 886 88 32 354 723 107 972 417 337 416 608 496 290 876 576 313 748 655 26 296 234 50 27 964 764 747 
26
517 707 944 488 116 644 285 416 429 24 279 926 949 178 759 698 120 667 844 430 259 96 26 57 761 734 220 471 461 938 652 603 131 71 510 895 364 472 570 642 694 693 541 821 576 842 129 536 645 271 200 494 
26
309 355 935 481 401 3 344 599 102 358 679 815 646 494 774 598 718 680 775 395 959 499 711 808 795 203 300 466 952 736 904 236 668 35 649 479 305 940 218 422 896 920 328 762 609 523 594 824 944 85 10 543 
10 24 10
191 221 56 30 92 490 685 689 805 914 388 647 632 312 631 728 598 897 992 232 511 979 27 590 238 476 472 629 525 356 287 202 555 416 138 565 687 58 487 125 857 983 946 975 142 893 349 188 
6
342 223 157 800 15 750 791 467 46 522 748 766 
6
958 473 147 398 229 556 945 167 749 301 72 658 
6
821 227 448 863 935 291 812 310 335 5 201 560 
6
375 665 401 597 537 868 19 741 279 313 141 798 
6
708 306 44 652 114 704 585 964 598 616 997 442 
6
836 738 377 803 149 637 450 641 587 121 573 638 
6
144 841 529 309 644 600 989 832 731 553 724 790 
6
908 303 917 939 356 952 828 138 422 861 311 206 
6
623 572 748 135 406 658 816 208 530 990 775 751 
6
781 460 212 844 677 498 104 659 762 986 231 240 
